Performing C++ SOURCE FILE Test COMPILER_KNOWS_STDLIB failed with the following output:
Change Dir: /home/ubuntu/custom/build/CMakeFiles/CMakeTmp

Run Build Command:/usr/bin/make "cmTryCompileExec889844882/fast"
/usr/bin/make -f CMakeFiles/cmTryCompileExec889844882.dir/build.make CMakeFiles/cmTryCompileExec889844882.dir/build
make[1]: Entering directory `/home/ubuntu/custom/build/CMakeFiles/CMakeTmp'
/usr/bin/cmake -E cmake_progress_report /home/ubuntu/custom/build/CMakeFiles/CMakeTmp/CMakeFiles 1
Building CXX object CMakeFiles/cmTryCompileExec889844882.dir/src.cxx.o
/usr/bin/c++    -Wall -Werror -pipe -fno-strict-aliasing -std=c++11 -DCOMPILER_KNOWS_STDLIB   -stdlib=libc++ -o CMakeFiles/cmTryCompileExec889844882.dir/src.cxx.o -c /home/ubuntu/custom/build/CMakeFiles/CMakeTmp/src.cxx
c++: error: unrecognized command line option '-stdlib=libc++'
make[1]: *** [CMakeFiles/cmTryCompileExec889844882.dir/src.cxx.o] Error 1
make[1]: Leaving directory `/home/ubuntu/custom/build/CMakeFiles/CMakeTmp'
make: *** [cmTryCompileExec889844882/fast] Error 2

Source file was:
int main() { return 0;}
Determining if the pthread_create exist failed with the following output:
Change Dir: /home/ubuntu/custom/build/CMakeFiles/CMakeTmp

Run Build Command:/usr/bin/make "cmTryCompileExec3287086580/fast"
/usr/bin/make -f CMakeFiles/cmTryCompileExec3287086580.dir/build.make CMakeFiles/cmTryCompileExec3287086580.dir/build
make[1]: Entering directory `/home/ubuntu/custom/build/CMakeFiles/CMakeTmp'
/usr/bin/cmake -E cmake_progress_report /home/ubuntu/custom/build/CMakeFiles/CMakeTmp/CMakeFiles 1
Building C object CMakeFiles/cmTryCompileExec3287086580.dir/CheckSymbolExists.c.o
/usr/bin/cc    -o CMakeFiles/cmTryCompileExec3287086580.dir/CheckSymbolExists.c.o   -c /home/ubuntu/custom/build/CMakeFiles/CMakeTmp/CheckSymbolExists.c
Linking C executable cmTryCompileExec3287086580
/usr/bin/cmake -E cmake_link_script CMakeFiles/cmTryCompileExec3287086580.dir/link.txt --verbose=1
/usr/bin/cc       CMakeFiles/cmTryCompileExec3287086580.dir/CheckSymbolExists.c.o  -o cmTryCompileExec3287086580 -rdynamic 
CMakeFiles/cmTryCompileExec3287086580.dir/CheckSymbolExists.c.o: In function `main':
CheckSymbolExists.c:(.text+0x16): undefined reference to `pthread_create'
collect2: error: ld returned 1 exit status
make[1]: *** [cmTryCompileExec3287086580] Error 1
make[1]: Leaving directory `/home/ubuntu/custom/build/CMakeFiles/CMakeTmp'
make: *** [cmTryCompileExec3287086580/fast] Error 2

File /home/ubuntu/custom/build/CMakeFiles/CMakeTmp/CheckSymbolExists.c:
/* */
#include <pthread.h>

int main(int argc, char** argv)
{
  (void)argv;
#ifndef pthread_create
  return ((int*)(&pthread_create))[argc];
#else
  (void)argc;
  return 0;
#endif
}

Determining if the function pthread_create exists in the pthreads failed with the following output:
Change Dir: /home/ubuntu/custom/build/CMakeFiles/CMakeTmp

Run Build Command:/usr/bin/make "cmTryCompileExec4049327243/fast"
/usr/bin/make -f CMakeFiles/cmTryCompileExec4049327243.dir/build.make CMakeFiles/cmTryCompileExec4049327243.dir/build
make[1]: Entering directory `/home/ubuntu/custom/build/CMakeFiles/CMakeTmp'
/usr/bin/cmake -E cmake_progress_report /home/ubuntu/custom/build/CMakeFiles/CMakeTmp/CMakeFiles 1
Building C object CMakeFiles/cmTryCompileExec4049327243.dir/CheckFunctionExists.c.o
/usr/bin/cc   -DCHECK_FUNCTION_EXISTS=pthread_create   -o CMakeFiles/cmTryCompileExec4049327243.dir/CheckFunctionExists.c.o   -c /usr/share/cmake-2.8/Modules/CheckFunctionExists.c
Linking C executable cmTryCompileExec4049327243
/usr/bin/cmake -E cmake_link_script CMakeFiles/cmTryCompileExec4049327243.dir/link.txt --verbose=1
/usr/bin/cc   -DCHECK_FUNCTION_EXISTS=pthread_create    CMakeFiles/cmTryCompileExec4049327243.dir/CheckFunctionExists.c.o  -o cmTryCompileExec4049327243 -rdynamic -lpthreads 
/usr/bin/ld: cannot find -lpthreads
collect2: error: ld returned 1 exit status
make[1]: *** [cmTryCompileExec4049327243] Error 1
make[1]: Leaving directory `/home/ubuntu/custom/build/CMakeFiles/CMakeTmp'
make: *** [cmTryCompileExec4049327243/fast] Error 2


